<?xml version="1.0" encoding="UTF-8"?>
<testng-results total="3" passed="3" failed="0" skipped="0">
  <reporter-output>
  </reporter-output>
  <suite started-at="2021-05-09T01:41:51Z" name="SuiteSearch" finished-at="2021-05-09T01:42:47Z" duration-ms="55776">
    <groups>
    </groups>
    <test started-at="2021-05-09T01:41:51Z" name="Search Blouses" finished-at="2021-05-09T01:42:10Z" duration-ms="19013">
      <class name="com.reportsPackage.qs.SearchBlouses">
        <test-method is-config="true" signature="beforeClass()[pri:0, instance:com.reportsPackage.qs.SearchBlouses@35399441]" started-at="2021-05-08T22:41:51Z" name="beforeClass" finished-at="2021-05-08T22:42:04Z" duration-ms="12678" status="PASS">
          <reporter-output>
          </reporter-output>
        </test-method> <!-- beforeClass -->
        <test-method signature="search_Blouses()[pri:0, instance:com.reportsPackage.qs.SearchBlouses@35399441]" started-at="2021-05-08T22:42:04Z" name="search_Blouses" finished-at="2021-05-08T22:42:09Z" duration-ms="5154" status="PASS">
          <reporter-output>
          </reporter-output>
        </test-method> <!-- search_Blouses -->
        <test-method is-config="true" signature="afterClass()[pri:0, instance:com.reportsPackage.qs.SearchBlouses@35399441]" started-at="2021-05-08T22:42:09Z" name="afterClass" finished-at="2021-05-08T22:42:10Z" duration-ms="1157" status="PASS">
          <reporter-output>
          </reporter-output>
        </test-method> <!-- afterClass -->
      </class> <!-- com.reportsPackage.qs.SearchBlouses -->
    </test> <!-- Search Blouses -->
    <test started-at="2021-05-09T01:42:10Z" name="Search Summer Dresses" finished-at="2021-05-09T01:42:30Z" duration-ms="19332">
      <class name="com.reportsPackage.qs.SearchSummerDresses">
        <test-method is-config="true" signature="beforeClass()[pri:0, instance:com.reportsPackage.qs.SearchSummerDresses@13d4992d]" started-at="2021-05-08T22:42:10Z" name="beforeClass" finished-at="2021-05-08T22:42:26Z" duration-ms="15153" status="PASS">
          <reporter-output>
          </reporter-output>
        </test-method> <!-- beforeClass -->
        <test-method signature="search_SummerBlouses()[pri:0, instance:com.reportsPackage.qs.SearchSummerDresses@13d4992d]" started-at="2021-05-08T22:42:26Z" name="search_SummerBlouses" finished-at="2021-05-08T22:42:29Z" duration-ms="3340" status="PASS">
          <reporter-output>
          </reporter-output>
        </test-method> <!-- search_SummerBlouses -->
        <test-method is-config="true" signature="afterClass()[pri:0, instance:com.reportsPackage.qs.SearchSummerDresses@13d4992d]" started-at="2021-05-08T22:42:29Z" name="afterClass" finished-at="2021-05-08T22:42:30Z" duration-ms="834" status="PASS">
          <reporter-output>
          </reporter-output>
        </test-method> <!-- afterClass -->
      </class> <!-- com.reportsPackage.qs.SearchSummerDresses -->
    </test> <!-- Search Summer Dresses -->
    <test started-at="2021-05-09T01:42:30Z" name="Printed Dress" finished-at="2021-05-09T01:42:47Z" duration-ms="17352">
      <class name="com.reportsPackage.qs.SearchPrintedDress">
        <test-method is-config="true" signature="beforeClass()[pri:0, instance:com.reportsPackage.qs.SearchPrintedDress@53251a66]" started-at="2021-05-08T22:42:30Z" name="beforeClass" finished-at="2021-05-08T22:42:43Z" duration-ms="12961" status="PASS">
          <reporter-output>
          </reporter-output>
        </test-method> <!-- beforeClass -->
        <test-method signature="search_PrintedDress()[pri:0, instance:com.reportsPackage.qs.SearchPrintedDress@53251a66]" started-at="2021-05-08T22:42:43Z" name="search_PrintedDress" finished-at="2021-05-08T22:42:46Z" duration-ms="3456" status="PASS">
          <reporter-output>
          </reporter-output>
        </test-method> <!-- search_PrintedDress -->
        <test-method is-config="true" signature="afterClass()[pri:0, instance:com.reportsPackage.qs.SearchPrintedDress@53251a66]" started-at="2021-05-08T22:42:46Z" name="afterClass" finished-at="2021-05-08T22:42:47Z" duration-ms="931" status="PASS">
          <reporter-output>
          </reporter-output>
        </test-method> <!-- afterClass -->
      </class> <!-- com.reportsPackage.qs.SearchPrintedDress -->
    </test> <!-- Printed Dress -->
  </suite> <!-- SuiteSearch -->
</testng-results>
